<?xml version="1.0" encoding="UTF-8"?>
<!-- Generated by org.testng.reporters.JUnitReportReporter -->
<testsuite skipped="0" hostname="DESKTOP-NJVFU3A" name="Automation.Mavenjava.RestApi" tests="1" failures="0" timestamp="06 Aug 2021 04:19:42 GMT" time="0.000" errors="0">
  <testcase name="postman" time="0.000" classname="Automation.Mavenjava.RestApi"/>
</testsuite> <!-- Automation.Mavenjava.RestApi -->
