<?xml version="1.0" encoding="UTF-8"?>
<!-- Generated by org.testng.reporters.JUnitReportReporter -->
<testsuite skipped="0" hostname="DESKTOP-NJVFU3A" name="Automation.Mavenjava.SeleniumTest" tests="2" failures="0" timestamp="06 Aug 2021 04:19:42 GMT" time="0.005" errors="0">
  <testcase name="guiTest" time="0.005" classname="Automation.Mavenjava.SeleniumTest"/>
  <testcase name="seleniumTest" time="0.000" classname="Automation.Mavenjava.SeleniumTest"/>
</testsuite> <!-- Automation.Mavenjava.SeleniumTest -->
